Unity Editor version:    6000.0.34f1 (5ab2d9ed9190)
Branch:                  6000.0/staging
Build type:              Release
Batch mode:              YES
macOS version:           Version 14.3 (Build 23D56)
Darwin version:          23.3.0
Architecture:            x86_64
Running under Rosetta:   NO
Available memory:        16384 MB
Using pre-set license
Pro License: YES

COMMAND LINE ARGUMENTS:
/Applications/Unity/Hub/Editor/6000.0.34f1/Unity.app/Contents/MacOS/Unity
-adb2
-batchMode
-noUpm
-name
AssetImportWorker0
-projectPath
/Users/cinesociety/Desktop/GameJam2025/GameJam2025/BubbleWithMe
-logFile
Logs/AssetImportWorker0.log
-srvPort
56629
-job-worker-count
3
-background-job-worker-count
8
-gc-helper-count
1
Successfully changed project path to: /Users/cinesociety/Desktop/GameJam2025/GameJam2025/BubbleWithMe
/Users/cinesociety/Desktop/GameJam2025/GameJam2025/BubbleWithMe
[UnityMemory] Configuration Parameters - Can be set up in boot.config
    "memorysetup-bucket-allocator-granularity=16"
    "memorysetup-bucket-allocator-bucket-count=8"
    "memorysetup-bucket-allocator-block-size=33554432"
    "memorysetup-bucket-allocator-block-count=8"
    "memorysetup-main-allocator-block-size=16777216"
    "memorysetup-thread-allocator-block-size=16777216"
    "memorysetup-gfx-main-allocator-block-size=16777216"
    "memorysetup-gfx-thread-allocator-block-size=16777216"
    "memorysetup-cache-allocator-block-size=4194304"
    "memorysetup-typetree-allocator-block-size=2097152"
    "memorysetup-profiler-bucket-allocator-granularity=16"
    "memorysetup-profiler-bucket-allocator-bucket-count=8"
    "memorysetup-profiler-bucket-allocator-block-size=33554432"
    "memorysetup-profiler-bucket-allocator-block-count=8"
    "memorysetup-profiler-allocator-block-size=16777216"
    "memorysetup-profiler-editor-allocator-block-size=1048576"
    "memorysetup-temp-allocator-size-main=16777216"
    "memorysetup-job-temp-allocator-block-size=2097152"
    "memorysetup-job-temp-allocator-block-size-background=1048576"
    "memorysetup-job-temp-allocator-reduction-small-platforms=262144"
    "memorysetup-allocator-temp-initial-block-size-main=262144"
    "memorysetup-allocator-temp-initial-block-size-worker=262144"
    "memorysetup-temp-allocator-size-background-worker=32768"
    "memorysetup-temp-allocator-size-job-worker=262144"
    "memorysetup-temp-allocator-size-preload-manager=33554432"
    "memorysetup-temp-allocator-size-nav-mesh-worker=65536"
    "memorysetup-temp-allocator-size-audio-worker=65536"
    "memorysetup-temp-allocator-size-cloud-worker=32768"
    "memorysetup-temp-allocator-size-gi-baking-worker=262144"
    "memorysetup-temp-allocator-size-gi-baking-worker=262144"
    "memorysetup-temp-allocator-size-gi-baking-worker=262144"
    "memorysetup-temp-allocator-size-gi-baking-worker=262144"
    "memorysetup-temp-allocator-size-gi-baking-worker=262144"
    "memorysetup-temp-allocator-size-gfx=262144"
Player connection [140704682260416]  Target information:

Player connection [140704682260416]  * "[IP] 192.168.1.137 [Port] 0 [Flags] 2 [Guid] 3906744360 [EditorId] 3906744360 [Version] 1048832 [Id] OSXEditor(0,MacBook-Pro-2.lan) [Debug] 1 [PackageName] OSXEditor [ProjectName] Editor" 

Player connection [140704682260416] Host joined multi-casting on [225.0.0.222:54997]...
Player connection [140704682260416] Host joined alternative multi-casting on [225.0.0.222:34997]...
JobSystem: Creating JobQueue using job-worker-count value 3
Input System module state changed to: Initialized.
[Physics::Module] Initialized fallback backend.
[Physics::Module] Id: 0xdecafbad
Library Redirect Path: Library/
[Physics::Module] Selected backend.
[Physics::Module] Name: PhysX
[Physics::Module] Id: 0xf2b8ea05
[Physics::Module] SDK Version: 4.1.2
[Physics::Module] Integration Version: 1.0.0
[Physics::Module] Threading Mode: Multi-Threaded
Refreshing native plugins compatible for Editor in 10.51 ms, found 3 plugins.
Preloading 0 native plugins for Editor in 0.00 ms.
Initialize engine version: 6000.0.34f1 (5ab2d9ed9190)
[Subsystems] Discovering subsystems at path /Applications/Unity/Hub/Editor/6000.0.34f1/Unity.app/Contents/Resources/UnitySubsystems
[Subsystems] Discovering subsystems at path /Users/cinesociety/Desktop/GameJam2025/GameJam2025/BubbleWithMe/Assets
GfxDevice: creating device client; kGfxThreadingModeNonThreaded
Color LCD preferred device: Intel(R) Iris(TM) Plus Graphics (low power)
Metal devices available: 1
0: Intel(R) Iris(TM) Plus Graphics (low power)
Using device Intel(R) Iris(TM) Plus Graphics (low power)
Initializing Metal device caps: Intel(R) Iris(TM) Plus Graphics
Initialize mono
Mono path[0] = '/Applications/Unity/Hub/Editor/6000.0.34f1/Unity.app/Contents/Managed'
Mono path[1] = '/Applications/Unity/Hub/Editor/6000.0.34f1/Unity.app/Contents/MonoBleedingEdge/lib/mono/unityjit-macos'
Mono config path = '/Applications/Unity/Hub/Editor/6000.0.34f1/Unity.app/Contents/MonoBleedingEdge/etc'
Using monoOptions --debugger-agent=transport=dt_socket,embedding=1,server=y,suspend=n,address=127.0.0.1:56074
Begin MonoManager ReloadAssembly
Registering precompiled unity dll's ...
Register platform support module: /Applications/Unity/Hub/Editor/6000.0.34f1/PlaybackEngines/WebGLSupport/UnityEditor.WebGL.Extensions.dll
Register platform support module: /Applications/Unity/Hub/Editor/6000.0.34f1/Unity.app/Contents/PlaybackEngines/MacStandaloneSupport/UnityEditor.OSXStandalone.Extensions.dll
Register platform support module: /Applications/Unity/Hub/Editor/6000.0.34f1/PlaybackEngines/AndroidPlayer/UnityEditor.Android.Extensions.dll
Registered in 0.008602 seconds.
- Loaded All Assemblies, in  0.810 seconds
Native extension for Android target not found
Android Extension - Scanning For ADB Devices 156 ms
Native extension for OSXStandalone target not found
Native extension for WebGL target not found
Mono: successfully reloaded assembly
- Finished resetting the current domain, in  0.941 seconds
Domain Reload Profiling: 1751ms
	BeginReloadAssembly (320ms)
		ExecutionOrderSort (0ms)
		DisableScriptedObjects (0ms)
		BackupInstance (0ms)
		ReleaseScriptingObjects (0ms)
		CreateAndSetChildDomain (1ms)
	RebuildCommonClasses (78ms)
	RebuildNativeTypeToScriptingClass (21ms)
	initialDomainReloadingComplete (82ms)
	LoadAllAssembliesAndSetupDomain (308ms)
		LoadAssemblies (324ms)
		RebuildTransferFunctionScriptingTraits (0ms)
		AnalyzeDomain (299ms)
			TypeCache.Refresh (294ms)
				TypeCache.ScanAssembly (268ms)
			BuildScriptInfoCaches (0ms)
			ResolveRequiredComponents (2ms)
	FinalizeReload (942ms)
		ReleaseScriptCaches (0ms)
		RebuildScriptCaches (0ms)
		SetupLoadedEditorAssemblies (856ms)
			LogAssemblyErrors (0ms)
			InitializePlatformSupportModulesInManaged (355ms)
			SetLoadedEditorAssemblies (8ms)
			BeforeProcessingInitializeOnLoad (99ms)
			ProcessInitializeOnLoadAttributes (279ms)
			ProcessInitializeOnLoadMethodAttributes (114ms)
			AfterProcessingInitializeOnLoad (0ms)
			EditorAssembliesLoaded (0ms)
		ExecutionOrderSort2 (0ms)
		AwakeInstancesAfterBackupRestoration (0ms)
========================================================================
Worker process is ready to serve import requests
Import Worker Mode flag is 0x00
Begin MonoManager ReloadAssembly
- Loaded All Assemblies, in  1.590 seconds
Refreshing native plugins compatible for Editor in 3.18 ms, found 3 plugins.
Native extension for Android target not found
Native extension for OSXStandalone target not found
Native extension for WebGL target not found
WARNING: RGBA Compressed ASTC6X6 UNorm format is not supported, decompressing texture
WARNING: RGBA Compressed ASTC6X6 UNorm format is not supported, decompressing texture
Mono: successfully reloaded assembly
Package Manager log level set to [2]
[Package Manager] Failed to launch server process. Reason: Unity was launched with the -noUpm command-line argument
[Package Manager] Unable to send message (not connected to server process).
[Package Manager] Cannot connect to Unity Package Manager local server
[Package Manager] Failed to launch server process. Reason: Unity was launched with the -noUpm command-line argument
[Package Manager] Unable to send message (not connected to server process).
[Package Manager] Cannot connect to Unity Package Manager local server
- Finished resetting the current domain, in  1.327 seconds
Domain Reload Profiling: 2917ms
	BeginReloadAssembly (283ms)
		ExecutionOrderSort (0ms)
		DisableScriptedObjects (11ms)
		BackupInstance (0ms)
		ReleaseScriptingObjects (0ms)
		CreateAndSetChildDomain (93ms)
	RebuildCommonClasses (85ms)
	RebuildNativeTypeToScriptingClass (21ms)
	initialDomainReloadingComplete (68ms)
	LoadAllAssembliesAndSetupDomain (1133ms)
		LoadAssemblies (860ms)
		RebuildTransferFunctionScriptingTraits (0ms)
		AnalyzeDomain (404ms)
			TypeCache.Refresh (286ms)
				TypeCache.ScanAssembly (261ms)
			BuildScriptInfoCaches (98ms)
			ResolveRequiredComponents (14ms)
	FinalizeReload (1328ms)
		ReleaseScriptCaches (0ms)
		RebuildScriptCaches (0ms)
		SetupLoadedEditorAssemblies (1082ms)
			LogAssemblyErrors (0ms)
			InitializePlatformSupportModulesInManaged (14ms)
			SetLoadedEditorAssemblies (5ms)
			BeforeProcessingInitializeOnLoad (137ms)
			ProcessInitializeOnLoadAttributes (685ms)
			ProcessInitializeOnLoadMethodAttributes (239ms)
			AfterProcessingInitializeOnLoad (2ms)
			EditorAssembliesLoaded (0ms)
		ExecutionOrderSort2 (0ms)
		AwakeInstancesAfterBackupRestoration (4ms)
Launching external process: /Applications/Unity/Hub/Editor/6000.0.34f1/Unity.app/Contents/Tools/UnityShaderCompiler
Launched and connected shader compiler UnityShaderCompiler after 0.10 seconds
Refreshing native plugins compatible for Editor in 3.62 ms, found 3 plugins.
Preloading 0 native plugins for Editor in 0.00 ms.
Unloading 220 Unused Serialized files (Serialized files now loaded: 0)
Unloading 6878 unused Assets / (5.0 MB). Loaded Objects now: 7569.
Memory consumption went from 181.5 MB to 176.5 MB.
Total: 20.741474 ms (FindLiveObjects: 2.638216 ms CreateObjectMapping: 1.323827 ms MarkObjects: 10.969101 ms  DeleteObjects: 5.808534 ms)

========================================================================
Received Import Request.
  Time since last request: 70515.974688 seconds.
  path: Assets/PNG/BubbleRoom/animals/ANIM HIPPOCAMPE-expor1000.png
  artifactKey: Guid(d40b2440d2de44ee9964efaa532b604b) Importer(815301076,1909f56bfc062723c751e8b465ee728b)
Start importing Assets/PNG/BubbleRoom/animals/ANIM HIPPOCAMPE-expor1000.png using Guid(d40b2440d2de44ee9964efaa532b604b) Importer(815301076,1909f56bfc062723c751e8b465ee728b) (PreviewImporter)WARNING: RGBA Compressed ASTC6X6 UNorm format is not supported, decompressing texture
 -> (artifact id: 'a7894230f5abaa8a15ecc47fff687ca6') in 0.249862361 seconds
Number of updated asset objects reloaded before import = 0Number of asset objects unloaded after import = 14

========================================================================
Received Import Request.
  Time since last request: 41.276946 seconds.
  path: Assets/Animations/Animals/Hippocampe.controller
  artifactKey: Guid(7221c6867fb1047ba8a69929bc06f568) Importer(815301076,1909f56bfc062723c751e8b465ee728b)
Start importing Assets/Animations/Animals/Hippocampe.controller using Guid(7221c6867fb1047ba8a69929bc06f568) Importer(815301076,1909f56bfc062723c751e8b465ee728b) (PreviewImporter) -> (artifact id: 'a28f6d3f3183c93abaced72778e02baf') in 0.002257236 seconds
Number of updated asset objects reloaded before import = 0Number of asset objects unloaded after import = 2

========================================================================
Received Import Request.
  Time since last request: 171.466166 seconds.
  path: Assets/PNG/BubbleRoom/Egg/drive-download-20250126T125817Z-001
  artifactKey: Guid(1075eb9461bb94af6b96ddbc285d8d42) Importer(815301076,1909f56bfc062723c751e8b465ee728b)
Start importing Assets/PNG/BubbleRoom/Egg/drive-download-20250126T125817Z-001 using Guid(1075eb9461bb94af6b96ddbc285d8d42) Importer(815301076,1909f56bfc062723c751e8b465ee728b) (PreviewImporter) -> (artifact id: 'e8ec902818abe10ac1535ec2a9766bc4') in 0.000839713 seconds
Number of updated asset objects reloaded before import = 0Number of asset objects unloaded after import = 0

========================================================================
Received Import Request.
  Time since last request: 8.010270 seconds.
  path: Assets/PNG/BubbleRoom/Egg/Best_quali_Egg
  artifactKey: Guid(1075eb9461bb94af6b96ddbc285d8d42) Importer(815301076,1909f56bfc062723c751e8b465ee728b)
Start importing Assets/PNG/BubbleRoom/Egg/Best_quali_Egg using Guid(1075eb9461bb94af6b96ddbc285d8d42) Importer(815301076,1909f56bfc062723c751e8b465ee728b) (PreviewImporter) -> (artifact id: '851fc2a9673a4b5bedab0a2ce17cbeed') in 0.00116934 seconds
Number of updated asset objects reloaded before import = 0Number of asset objects unloaded after import = 0

========================================================================
Received Import Request.
  Time since last request: 31.077066 seconds.
  path: Assets/MeduseAnim.anim
  artifactKey: Guid(6d967e7720b2b4edb978bfc6b940f586) Importer(815301076,1909f56bfc062723c751e8b465ee728b)
Start importing Assets/MeduseAnim.anim using Guid(6d967e7720b2b4edb978bfc6b940f586) Importer(815301076,1909f56bfc062723c751e8b465ee728b) (PreviewImporter) -> (artifact id: '584dcd7ac1b374f1d3e5c8a01efb76da') in 0.002216894 seconds
Number of updated asset objects reloaded before import = 0Number of asset objects unloaded after import = 1

========================================================================
Received Import Request.
  Time since last request: 16.671100 seconds.
  path: Assets/PNG/BubbleRoom/animals/MEDUSE ANIM-export1000.png
  artifactKey: Guid(dd77341a4df8544aeae2a2cb189f6f2a) Importer(815301076,1909f56bfc062723c751e8b465ee728b)
Start importing Assets/PNG/BubbleRoom/animals/MEDUSE ANIM-export1000.png using Guid(dd77341a4df8544aeae2a2cb189f6f2a) Importer(815301076,1909f56bfc062723c751e8b465ee728b) (PreviewImporter) -> (artifact id: 'b52c4e650186d5da3d115a5412a82beb') in 0.001796993 seconds
Number of updated asset objects reloaded before import = 0Number of asset objects unloaded after import = 1

========================================================================
Received Import Request.
  Time since last request: 17.394290 seconds.
  path: Assets/PNG/BubbleRoom/animals/FROG ANIMATION-export 1000.png
  artifactKey: Guid(ee91d154f56bb4c4d9c862b148e7bbf3) Importer(815301076,1909f56bfc062723c751e8b465ee728b)
Start importing Assets/PNG/BubbleRoom/animals/FROG ANIMATION-export 1000.png using Guid(ee91d154f56bb4c4d9c862b148e7bbf3) Importer(815301076,1909f56bfc062723c751e8b465ee728b) (PreviewImporter)WARNING: RGBA Compressed ASTC6X6 UNorm format is not supported, decompressing texture
 -> (artifact id: '35359b0057d781eeef437380b92e6e16') in 0.100140035 seconds
Number of updated asset objects reloaded before import = 0Number of asset objects unloaded after import = 26

========================================================================
Received Import Request.
  Time since last request: 14.562593 seconds.
  path: Assets/PNG/BubbleRoom/animals/MEDUSE ANIM-export1000 (1).png
  artifactKey: Guid(126d8229c229345b18d311351c4f90d4) Importer(815301076,1909f56bfc062723c751e8b465ee728b)
Start importing Assets/PNG/BubbleRoom/animals/MEDUSE ANIM-export1000 (1).png using Guid(126d8229c229345b18d311351c4f90d4) Importer(815301076,1909f56bfc062723c751e8b465ee728b) (PreviewImporter) -> (artifact id: '7d6a2c615bf04cb516723d0a099ebaad') in 0.001385748 seconds
Number of updated asset objects reloaded before import = 0Number of asset objects unloaded after import = 1

========================================================================
Received Import Request.
  Time since last request: 43.456474 seconds.
  path: Assets/PNG/BubbleRoom/animals/FROG ANIMATION-export 1000.png
  artifactKey: Guid(ee91d154f56bb4c4d9c862b148e7bbf3) Importer(815301076,1909f56bfc062723c751e8b465ee728b)
Start importing Assets/PNG/BubbleRoom/animals/FROG ANIMATION-export 1000.png using Guid(ee91d154f56bb4c4d9c862b148e7bbf3) Importer(815301076,1909f56bfc062723c751e8b465ee728b) (PreviewImporter)WARNING: RGBA Compressed ASTC6X6 UNorm format is not supported, decompressing texture
 -> (artifact id: '1c752f31789c625b4236a362f17b8962') in 0.111436651 seconds
Number of updated asset objects reloaded before import = 0Number of asset objects unloaded after import = 26

========================================================================
Received Import Request.
  Time since last request: 40.407536 seconds.
  path: Assets/PNG/BubbleRoom/animals/CAT ANIM-export1000.png
  artifactKey: Guid(913ad5711efd74d80abd18bc65beaf66) Importer(815301076,1909f56bfc062723c751e8b465ee728b)
Start importing Assets/PNG/BubbleRoom/animals/CAT ANIM-export1000.png using Guid(913ad5711efd74d80abd18bc65beaf66) Importer(815301076,1909f56bfc062723c751e8b465ee728b) (PreviewImporter)WARNING: RGBA Compressed ASTC6X6 UNorm format is not supported, decompressing texture
 -> (artifact id: '78f29366f72f3484d465a689f9ddac8b') in 0.086679347 seconds
Number of updated asset objects reloaded before import = 0Number of asset objects unloaded after import = 14

========================================================================
Received Import Request.
  Time since last request: 9.342703 seconds.
  path: Assets/PNG/BubbleRoom/animals/CAT ANIM-export1000.png
  artifactKey: Guid(913ad5711efd74d80abd18bc65beaf66) Importer(815301076,1909f56bfc062723c751e8b465ee728b)
Start importing Assets/PNG/BubbleRoom/animals/CAT ANIM-export1000.png using Guid(913ad5711efd74d80abd18bc65beaf66) Importer(815301076,1909f56bfc062723c751e8b465ee728b) (PreviewImporter)WARNING: RGBA Compressed ASTC6X6 UNorm format is not supported, decompressing texture
 -> (artifact id: '79b8f2102c5d57a663ae18364363cd31') in 0.093931276 seconds
Number of updated asset objects reloaded before import = 0Number of asset objects unloaded after import = 26

========================================================================
Received Import Request.
  Time since last request: 37.665366 seconds.
  path: Assets/PNG/BubbleRoom/Egg/Best_quali_Egg/EGG ANIM Bleu-export1000.png
  artifactKey: Guid(d5a780d5b3dee4dab971bb1d27745f88) Importer(815301076,1909f56bfc062723c751e8b465ee728b)
Start importing Assets/PNG/BubbleRoom/Egg/Best_quali_Egg/EGG ANIM Bleu-export1000.png using Guid(d5a780d5b3dee4dab971bb1d27745f88) Importer(815301076,1909f56bfc062723c751e8b465ee728b) (PreviewImporter)WARNING: RGBA Compressed ASTC6X6 UNorm format is not supported, decompressing texture
 -> (artifact id: 'faa784869e6258b519cf22424438ec2a') in 0.091797662 seconds
Number of updated asset objects reloaded before import = 0Number of asset objects unloaded after import = 26

========================================================================
Received Import Request.
  Time since last request: 6.783059 seconds.
  path: Assets/PNG/BubbleRoom/Egg/Best_quali_Egg/EGG ANIM Bleu-export1000.png
  artifactKey: Guid(d5a780d5b3dee4dab971bb1d27745f88) Importer(815301076,1909f56bfc062723c751e8b465ee728b)
Start importing Assets/PNG/BubbleRoom/Egg/Best_quali_Egg/EGG ANIM Bleu-export1000.png using Guid(d5a780d5b3dee4dab971bb1d27745f88) Importer(815301076,1909f56bfc062723c751e8b465ee728b) (PreviewImporter)WARNING: RGBA Compressed ASTC6X6 UNorm format is not supported, decompressing texture
 -> (artifact id: 'b6ddca35b87b280029fed0b64f275d8c') in 0.088998661 seconds
Number of updated asset objects reloaded before import = 0Number of asset objects unloaded after import = 26

========================================================================
Received Import Request.
  Time since last request: 1.064795 seconds.
  path: Assets/PNG/BubbleRoom/Egg/Best_quali_Egg/EGG ANIM ORANGE-export1000.png
  artifactKey: Guid(f0f36aebfbd864ee6892df188f713cd6) Importer(815301076,1909f56bfc062723c751e8b465ee728b)
Start importing Assets/PNG/BubbleRoom/Egg/Best_quali_Egg/EGG ANIM ORANGE-export1000.png using Guid(f0f36aebfbd864ee6892df188f713cd6) Importer(815301076,1909f56bfc062723c751e8b465ee728b) (PreviewImporter)WARNING: RGBA Compressed ASTC6X6 UNorm format is not supported, decompressing texture
 -> (artifact id: '9f419b5f4ae3d120f91fb81deff06a57') in 0.089794243 seconds
Number of updated asset objects reloaded before import = 0Number of asset objects unloaded after import = 26

========================================================================
Received Import Request.
  Time since last request: 11.661927 seconds.
  path: Assets/PNG/BubbleRoom/Egg/Best_quali_Egg/EGG ANIM ORANGE-export1000.png
  artifactKey: Guid(f0f36aebfbd864ee6892df188f713cd6) Importer(815301076,1909f56bfc062723c751e8b465ee728b)
Start importing Assets/PNG/BubbleRoom/Egg/Best_quali_Egg/EGG ANIM ORANGE-export1000.png using Guid(f0f36aebfbd864ee6892df188f713cd6) Importer(815301076,1909f56bfc062723c751e8b465ee728b) (PreviewImporter)WARNING: RGBA Compressed ASTC6X6 UNorm format is not supported, decompressing texture
 -> (artifact id: '5b1b80c0603963b900a2eb0eba8d8b35') in 0.086497677 seconds
Number of updated asset objects reloaded before import = 0Number of asset objects unloaded after import = 26

========================================================================
Received Import Request.
  Time since last request: 1.275646 seconds.
  path: Assets/PNG/BubbleRoom/Egg/Best_quali_Egg/EGG ANIM RED-export1000.png
  artifactKey: Guid(d8d23ce00d4434c0a972895d294c0c57) Importer(815301076,1909f56bfc062723c751e8b465ee728b)
Start importing Assets/PNG/BubbleRoom/Egg/Best_quali_Egg/EGG ANIM RED-export1000.png using Guid(d8d23ce00d4434c0a972895d294c0c57) Importer(815301076,1909f56bfc062723c751e8b465ee728b) (PreviewImporter)WARNING: RGBA Compressed ASTC6X6 UNorm format is not supported, decompressing texture
 -> (artifact id: '15bd0a594436bc0b8239d6ebe8e381d6') in 0.090212899 seconds
Number of updated asset objects reloaded before import = 0Number of asset objects unloaded after import = 26

========================================================================
Received Import Request.
  Time since last request: 5.741483 seconds.
  path: Assets/PNG/BubbleRoom/Egg/Best_quali_Egg/EGG ANIM RED-export1000.png
  artifactKey: Guid(d8d23ce00d4434c0a972895d294c0c57) Importer(815301076,1909f56bfc062723c751e8b465ee728b)
Start importing Assets/PNG/BubbleRoom/Egg/Best_quali_Egg/EGG ANIM RED-export1000.png using Guid(d8d23ce00d4434c0a972895d294c0c57) Importer(815301076,1909f56bfc062723c751e8b465ee728b) (PreviewImporter)WARNING: RGBA Compressed ASTC6X6 UNorm format is not supported, decompressing texture
 -> (artifact id: '283cd42185bdc808ffec3264ac9ca80e') in 0.094768621 seconds
Number of updated asset objects reloaded before import = 0Number of asset objects unloaded after import = 26

========================================================================
Received Import Request.
  Time since last request: 0.883286 seconds.
  path: Assets/PNG/BubbleRoom/Egg/Best_quali_Egg/EGG ANIM Vert-expor1000t.png
  artifactKey: Guid(615827abc5898437a88c5f0261298910) Importer(815301076,1909f56bfc062723c751e8b465ee728b)
Start importing Assets/PNG/BubbleRoom/Egg/Best_quali_Egg/EGG ANIM Vert-expor1000t.png using Guid(615827abc5898437a88c5f0261298910) Importer(815301076,1909f56bfc062723c751e8b465ee728b) (PreviewImporter)WARNING: RGBA Compressed ASTC6X6 UNorm format is not supported, decompressing texture
 -> (artifact id: '4220bd94f9abf4bd1f0efbdd910ab942') in 0.091602511 seconds
Number of updated asset objects reloaded before import = 0Number of asset objects unloaded after import = 26

========================================================================
Received Import Request.
  Time since last request: 6.619478 seconds.
  path: Assets/PNG/BubbleRoom/Egg/Best_quali_Egg/EGG ANIM Vert-expor1000t.png
  artifactKey: Guid(615827abc5898437a88c5f0261298910) Importer(815301076,1909f56bfc062723c751e8b465ee728b)
Start importing Assets/PNG/BubbleRoom/Egg/Best_quali_Egg/EGG ANIM Vert-expor1000t.png using Guid(615827abc5898437a88c5f0261298910) Importer(815301076,1909f56bfc062723c751e8b465ee728b) (PreviewImporter)WARNING: RGBA Compressed ASTC6X6 UNorm format is not supported, decompressing texture
 -> (artifact id: '1061024127522db37db41b0738303acd') in 0.089990995 seconds
Number of updated asset objects reloaded before import = 0Number of asset objects unloaded after import = 26

========================================================================
Received Prepare
Begin MonoManager ReloadAssembly
- Loaded All Assemblies, in  1.148 seconds
Refreshing native plugins compatible for Editor in 2.68 ms, found 3 plugins.
Native extension for Android target not found
Native extension for OSXStandalone target not found
Native extension for WebGL target not found
Mono: successfully reloaded assembly
[Package Manager] Failed to launch server process. Reason: Unity was launched with the -noUpm command-line argument
[Package Manager] Unable to send message (not connected to server process).
[Package Manager] Cannot connect to Unity Package Manager local server
- Finished resetting the current domain, in  1.128 seconds
Domain Reload Profiling: 2279ms
	BeginReloadAssembly (270ms)
		ExecutionOrderSort (0ms)
		DisableScriptedObjects (18ms)
		BackupInstance (0ms)
		ReleaseScriptingObjects (1ms)
		CreateAndSetChildDomain (120ms)
	RebuildCommonClasses (56ms)
	RebuildNativeTypeToScriptingClass (17ms)
	initialDomainReloadingComplete (35ms)
	LoadAllAssembliesAndSetupDomain (774ms)
		LoadAssemblies (531ms)
		RebuildTransferFunctionScriptingTraits (0ms)
		AnalyzeDomain (325ms)
			TypeCache.Refresh (10ms)
				TypeCache.ScanAssembly (0ms)
			BuildScriptInfoCaches (293ms)
			ResolveRequiredComponents (15ms)
	FinalizeReload (1128ms)
		ReleaseScriptCaches (0ms)
		RebuildScriptCaches (0ms)
		SetupLoadedEditorAssemblies (845ms)
			LogAssemblyErrors (0ms)
			InitializePlatformSupportModulesInManaged (15ms)
			SetLoadedEditorAssemblies (5ms)
			BeforeProcessingInitializeOnLoad (178ms)
			ProcessInitializeOnLoadAttributes (547ms)
			ProcessInitializeOnLoadMethodAttributes (98ms)
			AfterProcessingInitializeOnLoad (1ms)
			EditorAssembliesLoaded (0ms)
		ExecutionOrderSort2 (0ms)
		AwakeInstancesAfterBackupRestoration (11ms)
Refreshing native plugins compatible for Editor in 2.96 ms, found 3 plugins.
Preloading 0 native plugins for Editor in 0.00 ms.
Unloading 14 Unused Serialized files (Serialized files now loaded: 0)
Unloading 6876 unused Assets / (4.6 MB). Loaded Objects now: 7621.
Memory consumption went from 159.7 MB to 155.2 MB.
Total: 9.917316 ms (FindLiveObjects: 0.948416 ms CreateObjectMapping: 0.694608 ms MarkObjects: 5.804199 ms  DeleteObjects: 2.468656 ms)

Prepare: number of updated asset objects reloaded= 0
========================================================================
Received Import Request.
  Time since last request: 373.446727 seconds.
  path: Assets/PNG/BubbleRoom/animals/MEDUSE ANIM-export1000 (2).png
  artifactKey: Guid(e33641649090e4215bd0c1be1c3239d7) Importer(815301076,1909f56bfc062723c751e8b465ee728b)
Start importing Assets/PNG/BubbleRoom/animals/MEDUSE ANIM-export1000 (2).png using Guid(e33641649090e4215bd0c1be1c3239d7) Importer(815301076,1909f56bfc062723c751e8b465ee728b) (PreviewImporter) -> (artifact id: 'c55ba2ebd6d45b4c68305dcc528a46ab') in 0.066313107 seconds
Number of updated asset objects reloaded before import = 0Number of asset objects unloaded after import = 1

========================================================================
Received Import Request.
  Time since last request: 50.406894 seconds.
  path: Assets/PNG/BubbleRoom/animals/MEDUSE ANIM-export1000.png
  artifactKey: Guid(e33641649090e4215bd0c1be1c3239d7) Importer(815301076,1909f56bfc062723c751e8b465ee728b)
Start importing Assets/PNG/BubbleRoom/animals/MEDUSE ANIM-export1000.png using Guid(e33641649090e4215bd0c1be1c3239d7) Importer(815301076,1909f56bfc062723c751e8b465ee728b) (PreviewImporter) -> (artifact id: '771559bfda0109defbefa8e41c4f631c') in 0.001112325 seconds
Number of updated asset objects reloaded before import = 0Number of asset objects unloaded after import = 1

========================================================================
Received Import Request.
  Time since last request: 91.631792 seconds.
  path: Assets/PNG/BubbleRoom/animals/Best_quali_animals
  artifactKey: Guid(d12d0acc4ee7a4b55b93cc2597c8c6fb) Importer(815301076,1909f56bfc062723c751e8b465ee728b)
Start importing Assets/PNG/BubbleRoom/animals/Best_quali_animals using Guid(d12d0acc4ee7a4b55b93cc2597c8c6fb) Importer(815301076,1909f56bfc062723c751e8b465ee728b) (PreviewImporter) -> (artifact id: '12fa5c7938327d7d9d4229e63cc5aacd') in 0.001827068 seconds
Number of updated asset objects reloaded before import = 0Number of asset objects unloaded after import = 0

========================================================================
Received Import Request.
  Time since last request: 126.629300 seconds.
  path: Assets/PNG/BubbleRoom/animals/Best_quali_animals/FROG ANIMATION-export 1000.png
  artifactKey: Guid(ee91d154f56bb4c4d9c862b148e7bbf3) Importer(815301076,1909f56bfc062723c751e8b465ee728b)
Start importing Assets/PNG/BubbleRoom/animals/Best_quali_animals/FROG ANIMATION-export 1000.png using Guid(ee91d154f56bb4c4d9c862b148e7bbf3) Importer(815301076,1909f56bfc062723c751e8b465ee728b) (PreviewImporter)WARNING: RGBA Compressed ASTC6X6 UNorm format is not supported, decompressing texture
 -> (artifact id: '8472e568b5fa9f4c40a92ef955122ad2') in 0.186844829 seconds
Number of updated asset objects reloaded before import = 0Number of asset objects unloaded after import = 26

========================================================================
Received Import Request.
  Time since last request: 8.920198 seconds.
  path: Assets/PNG/BubbleRoom/animals/Best_quali_animals/FROG ANIMATION-export 1000.png
  artifactKey: Guid(ee91d154f56bb4c4d9c862b148e7bbf3) Importer(815301076,1909f56bfc062723c751e8b465ee728b)
Start importing Assets/PNG/BubbleRoom/animals/Best_quali_animals/FROG ANIMATION-export 1000.png using Guid(ee91d154f56bb4c4d9c862b148e7bbf3) Importer(815301076,1909f56bfc062723c751e8b465ee728b) (PreviewImporter)WARNING: RGBA Compressed ASTC6X6 UNorm format is not supported, decompressing texture
 -> (artifact id: 'b4c3cdc49620e126eda046db5618af22') in 0.114969701 seconds
Number of updated asset objects reloaded before import = 0Number of asset objects unloaded after import = 26

========================================================================
Received Import Request.
  Time since last request: 98.957341 seconds.
  path: Assets/PNG/BubbleRoom/animals/Best_quali_animals/CAT ANIM-export1000.png
  artifactKey: Guid(913ad5711efd74d80abd18bc65beaf66) Importer(815301076,1909f56bfc062723c751e8b465ee728b)
Start importing Assets/PNG/BubbleRoom/animals/Best_quali_animals/CAT ANIM-export1000.png using Guid(913ad5711efd74d80abd18bc65beaf66) Importer(815301076,1909f56bfc062723c751e8b465ee728b) (PreviewImporter)WARNING: RGBA Compressed ASTC6X6 UNorm format is not supported, decompressing texture
 -> (artifact id: '59daeacd098571b2f001684610aa06ac') in 0.123922813 seconds
Number of updated asset objects reloaded before import = 0Number of asset objects unloaded after import = 26

========================================================================
Received Import Request.
  Time since last request: 82.778727 seconds.
  path: Assets/PNG/BubbleRoom/animals/Best_quali_animals/CAT ANIM-export1000.png
  artifactKey: Guid(913ad5711efd74d80abd18bc65beaf66) Importer(815301076,1909f56bfc062723c751e8b465ee728b)
Start importing Assets/PNG/BubbleRoom/animals/Best_quali_animals/CAT ANIM-export1000.png using Guid(913ad5711efd74d80abd18bc65beaf66) Importer(815301076,1909f56bfc062723c751e8b465ee728b) (PreviewImporter) -> (artifact id: '0ae7b5f74fec59209be5cc6e12662581') in 0.105770106 seconds
Number of updated asset objects reloaded before import = 0Number of asset objects unloaded after import = 26

========================================================================
Received Import Request.
  Time since last request: 28.081553 seconds.
  path: Assets/PNG/BubbleRoom/animals/Best_quali_animals/CAT ANIM-export1000.png
  artifactKey: Guid(913ad5711efd74d80abd18bc65beaf66) Importer(815301076,1909f56bfc062723c751e8b465ee728b)
Start importing Assets/PNG/BubbleRoom/animals/Best_quali_animals/CAT ANIM-export1000.png using Guid(913ad5711efd74d80abd18bc65beaf66) Importer(815301076,1909f56bfc062723c751e8b465ee728b) (PreviewImporter) -> (artifact id: '155c6c177ecb48eae86d269a89b71c37') in 0.123462142 seconds
Number of updated asset objects reloaded before import = 0Number of asset objects unloaded after import = 26

========================================================================
Received Import Request.
  Time since last request: 56.942378 seconds.
  path: Assets/PNG/BubbleRoom/animals/FROG ANIMATION.png
  artifactKey: Guid(6162f8d657d3e4d5ab382af409537b11) Importer(815301076,1909f56bfc062723c751e8b465ee728b)
Start importing Assets/PNG/BubbleRoom/animals/FROG ANIMATION.png using Guid(6162f8d657d3e4d5ab382af409537b11) Importer(815301076,1909f56bfc062723c751e8b465ee728b) (PreviewImporter)WARNING: RGBA Compressed ASTC6X6 UNorm format is not supported, decompressing texture
 -> (artifact id: 'bb6fbadddfa6ffcc6e2522cb0f201672') in 0.1036426 seconds
Number of updated asset objects reloaded before import = 0Number of asset objects unloaded after import = 26

========================================================================
Received Import Request.
  Time since last request: 27.977296 seconds.
  path: Assets/PNG/BubbleRoom/animals/Best_quali_animals/ANIM HIPPOCAMPE-expor1000.png
  artifactKey: Guid(d40b2440d2de44ee9964efaa532b604b) Importer(815301076,1909f56bfc062723c751e8b465ee728b)
Start importing Assets/PNG/BubbleRoom/animals/Best_quali_animals/ANIM HIPPOCAMPE-expor1000.png using Guid(d40b2440d2de44ee9964efaa532b604b) Importer(815301076,1909f56bfc062723c751e8b465ee728b) (PreviewImporter)WARNING: RGBA Compressed ASTC6X6 UNorm format is not supported, decompressing texture
 -> (artifact id: '01affd2bf03706400d5831e890de8645') in 0.071465997 seconds
Number of updated asset objects reloaded before import = 0Number of asset objects unloaded after import = 14

========================================================================
Received Import Request.
  Time since last request: 27.053471 seconds.
  path: Assets/PNG/BubbleRoom/Egg/EGG ANIM BLUE.png
  artifactKey: Guid(0ec365254fe984d7b9bf96015c0c0356) Importer(815301076,1909f56bfc062723c751e8b465ee728b)
Start importing Assets/PNG/BubbleRoom/Egg/EGG ANIM BLUE.png using Guid(0ec365254fe984d7b9bf96015c0c0356) Importer(815301076,1909f56bfc062723c751e8b465ee728b) (PreviewImporter)WARNING: RGBA Compressed ASTC6X6 UNorm format is not supported, decompressing texture
 -> (artifact id: '6f7acae0c04e038d54b983d1cd0dfbc5') in 0.104895374 seconds
Number of updated asset objects reloaded before import = 0Number of asset objects unloaded after import = 26

========================================================================
Received Import Request.
  Time since last request: 9.921054 seconds.
  path: Assets/PNG/BubbleRoom/Egg/EGG ANIM ORANGE.png
  artifactKey: Guid(dc4ec0f661ac842ae8354464b0a0007e) Importer(815301076,1909f56bfc062723c751e8b465ee728b)
Start importing Assets/PNG/BubbleRoom/Egg/EGG ANIM ORANGE.png using Guid(dc4ec0f661ac842ae8354464b0a0007e) Importer(815301076,1909f56bfc062723c751e8b465ee728b) (PreviewImporter)WARNING: RGBA Compressed ASTC6X6 UNorm format is not supported, decompressing texture
 -> (artifact id: '3a8231ae13c54601650ba2f0d2bd4a3b') in 0.098686337 seconds
Number of updated asset objects reloaded before import = 0Number of asset objects unloaded after import = 26

========================================================================
Received Import Request.
  Time since last request: 11.568432 seconds.
  path: Assets/PNG/BubbleRoom/Egg/EGG ANIM Rouge.png
  artifactKey: Guid(69a3680193e8b400b963099267ea7256) Importer(815301076,1909f56bfc062723c751e8b465ee728b)
Start importing Assets/PNG/BubbleRoom/Egg/EGG ANIM Rouge.png using Guid(69a3680193e8b400b963099267ea7256) Importer(815301076,1909f56bfc062723c751e8b465ee728b) (PreviewImporter)WARNING: RGBA Compressed ASTC6X6 UNorm format is not supported, decompressing texture
 -> (artifact id: 'ef4a19025098368b30ed5c77d6c91f77') in 0.095991011 seconds
Number of updated asset objects reloaded before import = 0Number of asset objects unloaded after import = 26

========================================================================
Received Import Request.
  Time since last request: 9.048075 seconds.
  path: Assets/PNG/BubbleRoom/Egg/EGG ANIM Vert.png
  artifactKey: Guid(043ee9bca06f6453181cb2558822e8b8) Importer(815301076,1909f56bfc062723c751e8b465ee728b)
Start importing Assets/PNG/BubbleRoom/Egg/EGG ANIM Vert.png using Guid(043ee9bca06f6453181cb2558822e8b8) Importer(815301076,1909f56bfc062723c751e8b465ee728b) (PreviewImporter)WARNING: RGBA Compressed ASTC6X6 UNorm format is not supported, decompressing texture
 -> (artifact id: '0bfe8e191c7e7aca73e32de21dcb32c1') in 0.10284675 seconds
Number of updated asset objects reloaded before import = 0Number of asset objects unloaded after import = 26

========================================================================
Received Import Request.
  Time since last request: 10.522607 seconds.
  path: Assets/PNG/BubbleRoom/ETAGERE.png
  artifactKey: Guid(d732882ba3a294116b335112f0be4e6d) Importer(815301076,1909f56bfc062723c751e8b465ee728b)
Start importing Assets/PNG/BubbleRoom/ETAGERE.png using Guid(d732882ba3a294116b335112f0be4e6d) Importer(815301076,1909f56bfc062723c751e8b465ee728b) (PreviewImporter)WARNING: RGBA Compressed ASTC4X4 UNorm format is not supported, decompressing texture
 -> (artifact id: '26d998435384747ce92884a2ba55cb82') in 0.01722898 seconds
Number of updated asset objects reloaded before import = 0Number of asset objects unloaded after import = 3

========================================================================
Received Import Request.
  Time since last request: 45.591449 seconds.
  path: Assets/PNG/BubbleRoom/BUBBLE ANIMATION.png
  artifactKey: Guid(2b28af82e6a3c4b70a4f0bfa3806afd3) Importer(815301076,1909f56bfc062723c751e8b465ee728b)
Start importing Assets/PNG/BubbleRoom/BUBBLE ANIMATION.png using Guid(2b28af82e6a3c4b70a4f0bfa3806afd3) Importer(815301076,1909f56bfc062723c751e8b465ee728b) (PreviewImporter)WARNING: RGBA Compressed ASTC4X4 UNorm format is not supported, decompressing texture
 -> (artifact id: 'e64c07b441f63a51ad3f98be8f8ba375') in 0.098924002 seconds
Number of updated asset objects reloaded before import = 0Number of asset objects unloaded after import = 26

========================================================================
Received Import Request.
  Time since last request: 32.753521 seconds.
  path: Assets/PNG/Phone/mino logo telephone.png
  artifactKey: Guid(da80e0387524542c48dd00c023bf9b6c) Importer(815301076,1909f56bfc062723c751e8b465ee728b)
Start importing Assets/PNG/Phone/mino logo telephone.png using Guid(da80e0387524542c48dd00c023bf9b6c) Importer(815301076,1909f56bfc062723c751e8b465ee728b) (PreviewImporter)WARNING: RGBA Compressed ASTC6X6 UNorm format is not supported, decompressing texture
 -> (artifact id: '9d42f6ca1c498ac807b5531f566c127c') in 0.020032009 seconds
Number of updated asset objects reloaded before import = 0Number of asset objects unloaded after import = 3

========================================================================
Received Import Request.
  Time since last request: 92.043962 seconds.
  path: Assets/PNG/Honey/Group 30.png
  artifactKey: Guid(aa2e7ab96b8bf4c739e13fdce7a6a156) Importer(815301076,1909f56bfc062723c751e8b465ee728b)
Start importing Assets/PNG/Honey/Group 30.png using Guid(aa2e7ab96b8bf4c739e13fdce7a6a156) Importer(815301076,1909f56bfc062723c751e8b465ee728b) (PreviewImporter)WARNING: RGBA Compressed ASTC4X4 UNorm format is not supported, decompressing texture
 -> (artifact id: '1e6d510b1ee51dcbeff4c36f0c45ec3b') in 0.013922811 seconds
Number of updated asset objects reloaded before import = 0Number of asset objects unloaded after import = 3

========================================================================
Received Import Request.
  Time since last request: 16.822658 seconds.
  path: Assets/PNG/Mom/Group 15.png
  artifactKey: Guid(b8a2064674469482f8ae49981c712e78) Importer(815301076,1909f56bfc062723c751e8b465ee728b)
Start importing Assets/PNG/Mom/Group 15.png using Guid(b8a2064674469482f8ae49981c712e78) Importer(815301076,1909f56bfc062723c751e8b465ee728b) (PreviewImporter)WARNING: RGBA Compressed ASTC6X6 UNorm format is not supported, decompressing texture
 -> (artifact id: '52aa4ba231682c5b44df590dc2c03b34') in 0.010545246 seconds
Number of updated asset objects reloaded before import = 0Number of asset objects unloaded after import = 3

========================================================================
Received Import Request.
  Time since last request: 6.550312 seconds.
  path: Assets/PNG/Mom/Group 15.png
  artifactKey: Guid(b8a2064674469482f8ae49981c712e78) Importer(815301076,1909f56bfc062723c751e8b465ee728b)
Start importing Assets/PNG/Mom/Group 15.png using Guid(b8a2064674469482f8ae49981c712e78) Importer(815301076,1909f56bfc062723c751e8b465ee728b) (PreviewImporter)WARNING: RGBA Compressed ASTC4X4 UNorm format is not supported, decompressing texture
 -> (artifact id: '502670cc99e6e60bd72b1af1186850ac') in 0.009849476 seconds
Number of updated asset objects reloaded before import = 0Number of asset objects unloaded after import = 3

========================================================================
Received Import Request.
  Time since last request: 41.570532 seconds.
  path: Assets/PNG/Phone/svgtopng/GREEN_ChatIcon_V1.png
  artifactKey: Guid(752cbc68fc34a4354b59eeab20303650) Importer(815301076,1909f56bfc062723c751e8b465ee728b)
Start importing Assets/PNG/Phone/svgtopng/GREEN_ChatIcon_V1.png using Guid(752cbc68fc34a4354b59eeab20303650) Importer(815301076,1909f56bfc062723c751e8b465ee728b) (PreviewImporter)WARNING: RGBA Compressed ASTC4X4 UNorm format is not supported, decompressing texture
 -> (artifact id: 'd48a81eb2a0f42c359a786cbebcf5b49') in 0.01080779 seconds
Number of updated asset objects reloaded before import = 0Number of asset objects unloaded after import = 3

========================================================================
Received Prepare
Begin MonoManager ReloadAssembly
- Loaded All Assemblies, in  1.091 seconds
Refreshing native plugins compatible for Editor in 2.73 ms, found 3 plugins.
Native extension for Android target not found
Native extension for OSXStandalone target not found
Native extension for WebGL target not found
Mono: successfully reloaded assembly
[Package Manager] Failed to launch server process. Reason: Unity was launched with the -noUpm command-line argument
[Package Manager] Unable to send message (not connected to server process).
[Package Manager] Cannot connect to Unity Package Manager local server
- Finished resetting the current domain, in  1.153 seconds
Domain Reload Profiling: 2248ms
	BeginReloadAssembly (285ms)
		ExecutionOrderSort (0ms)
		DisableScriptedObjects (19ms)
		BackupInstance (0ms)
		ReleaseScriptingObjects (0ms)
		CreateAndSetChildDomain (120ms)
	RebuildCommonClasses (52ms)
	RebuildNativeTypeToScriptingClass (16ms)
	initialDomainReloadingComplete (28ms)
	LoadAllAssembliesAndSetupDomain (712ms)
		LoadAssemblies (483ms)
		RebuildTransferFunctionScriptingTraits (0ms)
		AnalyzeDomain (328ms)
			TypeCache.Refresh (9ms)
				TypeCache.ScanAssembly (0ms)
			BuildScriptInfoCaches (297ms)
			ResolveRequiredComponents (16ms)
	FinalizeReload (1154ms)
		ReleaseScriptCaches (0ms)
		RebuildScriptCaches (0ms)
		SetupLoadedEditorAssemblies (866ms)
			LogAssemblyErrors (0ms)
			InitializePlatformSupportModulesInManaged (15ms)
			SetLoadedEditorAssemblies (6ms)
			BeforeProcessingInitializeOnLoad (171ms)
			ProcessInitializeOnLoadAttributes (577ms)
			ProcessInitializeOnLoadMethodAttributes (95ms)
			AfterProcessingInitializeOnLoad (1ms)
			EditorAssembliesLoaded (0ms)
		ExecutionOrderSort2 (0ms)
		AwakeInstancesAfterBackupRestoration (11ms)
Refreshing native plugins compatible for Editor in 2.80 ms, found 3 plugins.
Preloading 0 native plugins for Editor in 0.00 ms.
Unloading 14 Unused Serialized files (Serialized files now loaded: 0)
Unloading 6876 unused Assets / (4.8 MB). Loaded Objects now: 7645.
Memory consumption went from 169.3 MB to 164.5 MB.
Total: 10.562371 ms (FindLiveObjects: 0.823776 ms CreateObjectMapping: 0.783548 ms MarkObjects: 5.838375 ms  DeleteObjects: 3.115470 ms)

Prepare: number of updated asset objects reloaded= 0
========================================================================
Received Import Request.
  Time since last request: 48.411790 seconds.
  path: Assets/PNG/Honey/Honey.png
  artifactKey: Guid(ae5b68c54e67c4269ac9f94db3097d89) Importer(815301076,1909f56bfc062723c751e8b465ee728b)
Start importing Assets/PNG/Honey/Honey.png using Guid(ae5b68c54e67c4269ac9f94db3097d89) Importer(815301076,1909f56bfc062723c751e8b465ee728b) (PreviewImporter)WARNING: RGBA Compressed ASTC4X4 UNorm format is not supported, decompressing texture
 -> (artifact id: 'e12cd38910a6cd435aad4dfdeb0e612f') in 0.099793282 seconds
Number of updated asset objects reloaded before import = 0Number of asset objects unloaded after import = 3

